生成启动时间为 2017/12/6 16:45:37。
     1>项目“C:\Users\NJ\Desktop\My EDF\uCOS-II\uCOSII.vcxproj”在节点 2 上(Build 个目标)。
     1>ClCompile:
         C:\Program Files (x86)\Microsoft Visual Studio 14.0\VC\bin\CL.exe /c /I.\ /I.\Source\ /I.\Ports\Win32\ /nologo /W3 /WX- /Od /Oy- /D WIN32 /D _DEBUG /D _CONSOLE /D _VC80_UPGRADE=0x0600 /D _MBCS /Gm /EHsc /RTC1 /MTd /GS /Gy- /fp:precise /Zc:wchar_t /Zc:forScope /Zc:inline /Fo".\Debug\\" /Fd".\Debug\vc140.pdb" /FR".\Debug\\" /Gd /TC /analyze- /errorReport:prompt main.c Ports\WIN32\os_cpu_c.c Ports\WIN32\os_trace.c Source\os_dbg_r.c Source\ucos_ii.c
     1>cl : 命令行 warning D9007: “/Gm”需要“/Zi 或 /ZI”；选项被忽略
         main.c
     1>.\Ports\Win32\os_cpu.h(45): warning C4005: “_WIN32_WINNT”: 宏重定义
         C:\Program Files (x86)\Windows Kits\8.1\Include\shared\sdkddkver.h(200): note: 参见“_WIN32_WINNT”的前一个定义
     1>main.c(178): warning C4244: “函数”: 从“INT32S”转换到“INT16U”，可能丢失数据
         os_cpu_c.c
     1>.\Ports\Win32\os_cpu.h(45): warning C4005: “_WIN32_WINNT”: 宏重定义
         C:\Program Files (x86)\Windows Kits\8.1\Include\shared\sdkddkver.h(200): note: 参见“_WIN32_WINNT”的前一个定义
         os_trace.c
     1>.\Ports\Win32\os_cpu.h(45): warning C4005: “_WIN32_WINNT”: 宏重定义
         C:\Program Files (x86)\Windows Kits\8.1\Include\shared\sdkddkver.h(200): note: 参见“_WIN32_WINNT”的前一个定义
         os_dbg_r.c
     1>.\Ports\Win32\os_cpu.h(45): warning C4005: “_WIN32_WINNT”: 宏重定义
         C:\Program Files (x86)\Windows Kits\8.1\Include\shared\sdkddkver.h(200): note: 参见“_WIN32_WINNT”的前一个定义
         ucos_ii.c
     1>.\Ports\Win32\os_cpu.h(45): warning C4005: “_WIN32_WINNT”: 宏重定义
         C:\Program Files (x86)\Windows Kits\8.1\Include\shared\sdkddkver.h(200): note: 参见“_WIN32_WINNT”的前一个定义
     1>.\Source\os_core.c(1567): warning C4244: “=”: 从“INT32S”转换到“INT16U”，可能丢失数据
         正在生成代码...
       Link:
         C:\Program Files (x86)\Microsoft Visual Studio 14.0\VC\bin\link.exe /ERRORREPORT:PROMPT /OUT:".\Debug\uCOSII.exe" /INCREMENTAL /NOLOGO WinMM.lib odbc32.lib odbccp32.lib kernel32.lib user32.lib gdi32.lib winspool.lib comdlg32.lib advapi32.lib shell32.lib ole32.lib oleaut32.lib uuid.lib odbc32.lib odbccp32.lib /MANIFEST /MANIFESTUAC:"level='asInvoker' uiAccess='false'" /manifest:embed /Debug /PDB:".\Debug\uCOSII.pdb" /SUBSYSTEM:CONSOLE /TLBID:1 /DYNAMICBASE /NXCOMPAT /IMPLIB:".\Debug\uCOSII.lib" /MACHINE:X86 /SAFESEH .\Debug\main.obj
         .\Debug\os_cpu_c.obj
         .\Debug\os_trace.obj
         .\Debug\os_dbg_r.obj
         .\Debug\ucos_ii.obj
         uCOSII.vcxproj -> C:\Users\NJ\Desktop\My EDF\uCOS-II\.\Debug\uCOSII.exe
       BscMake:
         C:\Program Files (x86)\Microsoft Visual Studio 14.0\VC\bin\bscmake.exe /nologo /o".\Debug\uCOSII.bsc" .\Debug\main.sbr .\Debug\os_cpu_c.sbr .\Debug\os_trace.sbr .\Debug\os_dbg_r.sbr .\Debug\ucos_ii.sbr
     1>已完成生成项目“C:\Users\NJ\Desktop\My EDF\uCOS-II\uCOSII.vcxproj”(Build 个目标)的操作。

已成功生成。

已用时间 00:00:06.32
